<?xml version="1.0" encoding="UTF-8"?>
<!-- Generated by org.testng.reporters.JUnitXMLReporter -->
<testsuite ignored="0" hostname="Asus-TUF-Gaming" failures="0" tests="6" name="Test" time="178.07" errors="0" timestamp="2023-06-21T12:28:54 IST">
  <testcase classname="com.automationexercise.testcase.TestCaseSearchProduct05" name="searchProduct" time="6.65"/>
  <testcase classname="com.automationexercise.testcase.TestCaseIncorrectLogin03" name="loginUserWithIncorrectEmailAndPassword" time="3.034"/>
  <testcase classname="com.automationexercise.testcase.TestCaseLogin02" name="loginUserWithCorrectEmailAndPassword" time="13.164"/>
  <testcase classname="com.automationexercise.testcase.TestCaseRegister01" name="registerUser" time="27.498"/>
  <testcase classname="com.automationexercise.testcase.TestCaseAddReview06" name="addReviewOnProduct" time="4.145"/>
  <testcase classname="com.automationexercise.testcase.TestCaseRemoveProduct04" name="removeProductsFromCart" time="6.722"/>
</testsuite> <!-- Test -->
