<?xml version="1.0" encoding="UTF-8"?>
<testng-results ignored="0" total="1" passed="1" failed="0" skipped="0">
  <reporter-output>
  </reporter-output>
  <suite started-at="2023-06-21T16:08:22 IST" name="Default suite" finished-at="2023-06-21T16:09:05 IST" duration-ms="43092">
    <groups>
    </groups>
    <test started-at="2023-06-21T16:08:22 IST" name="Default test" finished-at="2023-06-21T16:09:05 IST" duration-ms="43092">
      <class name="com.automationexercise.testcase.TestCaseAddReview06">
        <test-method is-config="true" signature="setup()[pri:0, instance:com.automationexercise.testcase.TestCaseAddReview06@3e11f9e9]" started-at="2023-06-21T16:08:22 IST" name="setup" finished-at="2023-06-21T16:08:44 IST" duration-ms="21938" status="PASS">
          <reporter-output>
          </reporter-output>
        </test-method> <!-- setup -->
        <test-method signature="addReviewOnProduct()[pri:0, instance:com.automationexercise.testcase.TestCaseAddReview06@3e11f9e9]" started-at="2023-06-21T16:08:44 IST" name="addReviewOnProduct" finished-at="2023-06-21T16:09:03 IST" duration-ms="19535" status="PASS">
          <reporter-output>
          </reporter-output>
        </test-method> <!-- addReviewOnProduct -->
        <test-method is-config="true" signature="tearDown()[pri:0, instance:com.automationexercise.testcase.TestCaseAddReview06@3e11f9e9]" started-at="2023-06-21T16:09:03 IST" name="tearDown" finished-at="2023-06-21T16:09:05 IST" duration-ms="1379" status="PASS">
          <reporter-output>
          </reporter-output>
        </test-method> <!-- tearDown -->
      </class> <!-- com.automationexercise.testcase.TestCaseAddReview06 -->
    </test> <!-- Default test -->
  </suite> <!-- Default suite -->
</testng-results>
